<?xml version="1.0" encoding="UTF-8"?>
<!-- Generated by org.testng.reporters.JUnitXMLReporter -->
<testsuite ignored="0" hostname="TYC0522081" failures="0" tests="3" name="Test" time="0.142" errors="0" timestamp="2023-08-15T13:31:30 IST">
  <testcase classname="testNG_parctice.dataProvider" name="loginTest" time="0.01"/>
  <testcase classname="testNG_parctice.dataProvider" name="loginTest" time="0.005"/>
  <testcase classname="testNG_parctice.dataProvider" name="loginTest" time="0.002"/>
</testsuite> <!-- Test -->
