<?xml version="1.0" encoding="UTF-8"?>
<!-- Generated by org.testng.reporters.JUnitXMLReporter -->
<testsuite ignored="0" hostname="TYC0522081" failures="1" tests="1" name="Test" time="0.047" errors="0" timestamp="2024-08-02T12:07:02 IST">
  <testcase classname="testNG_parctice.dataProvider" name="loginTest" time="0.0">
    <failure type="java.lang.RuntimeException" message="java.lang.NullPointerException: Cannot load from object array because &amp;quot;obj&amp;quot; is null">
      <![CDATA[java.lang.RuntimeException: java.lang.NullPointerException: Cannot load from object array because "obj" is null
at java.base/java.util.ArrayList.forEach(ArrayList.java:1511)
Caused by: java.lang.NullPointerException: Cannot load from object array because "obj" is null
at testNG_parctice.dataProvider.datatest(dataProvider.java:13)
... 28 more
... Removed 35 stack frames]]>
    </failure>
  </testcase> <!-- loginTest -->
</testsuite> <!-- Test -->
