<?xml version="1.0" encoding="UTF-8"?>
<testsuite name="TestSuite" time="0.488" tests="1" errors="0" skipped="0" failures="1">
  <properties>
[...]
</properties>
  <testcase name="loginTest" classname="testNG_parctice.dataProvider" time="0.488">
    <failure message="java.lang.NullPointerException: Cannot load from object array because &quot;obj&quot; is null" type="java.lang.RuntimeException">java.lang.RuntimeException: java.lang.NullPointerException: Cannot load from object array because "obj" is null
	at testNG_parctice.dataProvider.datatest(dataProvider.java:13)
</failure>
    <system-err><![CDATA[SLF4J: Failed to load class "org.slf4j.impl.StaticLoggerBinder".
SLF4J: Defaulting to no-operation (NOP) logger implementation
SLF4J: See http://www.slf4j.org/codes.html#StaticLoggerBinder for further details.
]]></system-err>
  </testcase>
</testsuite>