<?xml version="1.0" encoding="UTF-8"?>
<testng-results ignored="0" total="1" passed="1" failed="0" skipped="0">
  <reporter-output>
  </reporter-output>
  <suite started-at="2024-08-30T19:09:02 IST" name="Suite" finished-at="2024-08-30T19:09:06 IST" duration-ms="4528">
    <groups>
    </groups>
    <test started-at="2024-08-30T19:09:02 IST" name="Test" finished-at="2024-08-30T19:09:06 IST" duration-ms="4528">
      <class name="com.Test.TestClass">
        <test-method signature="testclass()[pri:0, instance:com.Test.TestClass@3a93b025]" started-at="2024-08-30T19:09:02 IST" name="testclass" finished-at="2024-08-30T19:09:06 IST" duration-ms="4489" status="PASS">
          <reporter-output>
          </reporter-output>
        </test-method> <!-- testclass -->
      </class> <!-- com.Test.TestClass -->
    </test> <!-- Test -->
  </suite> <!-- Suite -->
</testng-results>
